<?xml version="1.0" encoding="UTF-8" ?>
<testsuite tests="8" failures="0" name="evol.elasticsearch.RestHighDocmentHelperTest" time="0.594" errors="1" skipped="0">
  <properties>
[...]
</properties>
  <testcase classname="evol.elasticsearch.RestHighDocmentHelperTest" name="getDocument" time="0.407"/>
  <testcase classname="evol.elasticsearch.RestHighDocmentHelperTest" name="multiGetDocument" time="0.002"/>
  <testcase classname="evol.elasticsearch.RestHighDocmentHelperTest" name="searchDocument" time="0.002"/>
  <testcase classname="evol.elasticsearch.RestHighDocmentHelperTest" name="deleteDocument" time="0.003"/>
  <testcase classname="evol.elasticsearch.RestHighDocmentHelperTest" name="bulkDocument" time="0.002"/>
  <testcase classname="evol.elasticsearch.RestHighDocmentHelperTest" name="indexDocument" time="0.175">
    <error message="Connection refused" type="java.io.IOException">java.io.IOException: Connection refused
	at org.elasticsearch.client.RestClient$SyncResponseListener.get(RestClient.java:728)
	at org.elasticsearch.client.RestClient.performRequest(RestClient.java:235)
	at org.elasticsearch.client.RestClient.performRequest(RestClient.java:198)
	at org.elasticsearch.client.RestHighLevelClient.performRequest(RestHighLevelClient.java:522)
	at org.elasticsearch.client.RestHighLevelClient.performRequestAndParseEntity(RestHighLevelClient.java:508)
	at org.elasticsearch.client.RestHighLevelClient.index(RestHighLevelClient.java:348)
	at evol.elasticsearch.RestHighDocmentHelper.IndexDocument(RestHighDocmentHelper.java:52)
	at evol.elasticsearch.RestHighDocmentHelperTest.indexDocument(RestHighDocmentHelperTest.java:36)
	at sun.reflect.NativeMethodAccessorImpl.invoke0(Native Method)
	at sun.reflect.NativeMethodAccessorImpl.invoke(NativeMethodAccessorImpl.java:62)
	at sun.reflect.DelegatingMethodAccessorImpl.invoke(DelegatingMethodAccessorImpl.java:43)
	at java.lang.reflect.Method.invoke(Method.java:498)
	at org.junit.runners.model.FrameworkMethod$1.runReflectiveCall(FrameworkMethod.java:50)
	at org.junit.internal.runners.model.ReflectiveCallable.run(ReflectiveCallable.java:12)
	at org.junit.runners.model.FrameworkMethod.invokeExplosively(FrameworkMethod.java:47)
	at org.junit.internal.runners.statements.InvokeMethod.evaluate(InvokeMethod.java:17)
	at org.junit.internal.runners.statements.RunBefores.evaluate(RunBefores.java:26)
	at org.junit.internal.runners.statements.RunAfters.evaluate(RunAfters.java:27)
	at org.junit.runners.ParentRunner.runLeaf(ParentRunner.java:325)
	at org.junit.runners.BlockJUnit4ClassRunner.runChild(BlockJUnit4ClassRunner.java:78)
	at org.junit.runners.BlockJUnit4ClassRunner.runChild(BlockJUnit4ClassRunner.java:57)
	at org.junit.runners.ParentRunner$3.run(ParentRunner.java:290)
	at org.junit.runners.ParentRunner$1.schedule(ParentRunner.java:71)
	at org.junit.runners.ParentRunner.runChildren(ParentRunner.java:288)
	at org.junit.runners.ParentRunner.access$000(ParentRunner.java:58)
	at org.junit.runners.ParentRunner$2.evaluate(ParentRunner.java:268)
	at org.junit.internal.runners.statements.RunBefores.evaluate(RunBefores.java:26)
	at org.junit.internal.runners.statements.RunAfters.evaluate(RunAfters.java:27)
	at org.junit.runners.ParentRunner.run(ParentRunner.java:363)
	at org.apache.maven.surefire.junit4.JUnit4Provider.execute(JUnit4Provider.java:252)
	at org.apache.maven.surefire.junit4.JUnit4Provider.executeTestSet(JUnit4Provider.java:141)
	at org.apache.maven.surefire.junit4.JUnit4Provider.invoke(JUnit4Provider.java:112)
	at sun.reflect.NativeMethodAccessorImpl.invoke0(Native Method)
	at sun.reflect.NativeMethodAccessorImpl.invoke(NativeMethodAccessorImpl.java:62)
	at sun.reflect.DelegatingMethodAccessorImpl.invoke(DelegatingMethodAccessorImpl.java:43)
	at java.lang.reflect.Method.invoke(Method.java:498)
	at org.apache.maven.surefire.util.ReflectionUtils.invokeMethodWithArray(ReflectionUtils.java:189)
	at org.apache.maven.surefire.booter.ProviderFactory$ProviderProxy.invoke(ProviderFactory.java:165)
	at org.apache.maven.surefire.booter.ProviderFactory.invokeProvider(ProviderFactory.java:85)
	at org.apache.maven.surefire.booter.ForkedBooter.runSuitesInProcess(ForkedBooter.java:115)
	at org.apache.maven.surefire.booter.ForkedBooter.main(ForkedBooter.java:75)
Caused by: java.net.ConnectException: Connection refused
	at sun.nio.ch.SocketChannelImpl.checkConnect(Native Method)
	at sun.nio.ch.SocketChannelImpl.finishConnect(SocketChannelImpl.java:717)
	at org.apache.http.impl.nio.reactor.DefaultConnectingIOReactor.processEvent(DefaultConnectingIOReactor.java:171)
	at org.apache.http.impl.nio.reactor.DefaultConnectingIOReactor.processEvents(DefaultConnectingIOReactor.java:145)
	at org.apache.http.impl.nio.reactor.AbstractMultiworkerIOReactor.execute(AbstractMultiworkerIOReactor.java:348)
	at org.apache.http.impl.nio.conn.PoolingNHttpClientConnectionManager.execute(PoolingNHttpClientConnectionManager.java:192)
	at org.apache.http.impl.nio.client.CloseableHttpAsyncClientBase$1.run(CloseableHttpAsyncClientBase.java:64)
	at java.lang.Thread.run(Thread.java:748)
</error>
  </testcase>
  <testcase classname="evol.elasticsearch.RestHighDocmentHelperTest" name="updateDocument" time="0.001"/>
  <testcase classname="evol.elasticsearch.RestHighDocmentHelperTest" name="existsDocument" time="0.002"/>
</testsuite>